<?xml version="1.0" encoding="UTF-8"?>
<coverage generated="1660333600985" clover="3.2.0">
  <project timestamp="1660333600985" name="All files">
    <metrics statements="50" coveredstatements="50" conditionals="17" coveredconditionals="17" methods="6" coveredmethods="6" elements="73" coveredelements="73" complexity="0" loc="50" ncloc="50" packages="1" files="1" classes="1"/>
    <file name="Fizzbuz.js" path="C:\Users\Patrick\DEV\2_JavaScript\2_dev_perso\38-kata-TDD\40-fizbuzz-to-save-github\kata\Fizzbuz.js">
      <metrics statements="50" coveredstatements="50" conditionals="17" coveredconditionals="17" methods="6" coveredmethods="6"/>
      <line num="1" count="1" type="stmt"/>
      <line num="2" count="1" type="cond" truecount="1" falsecount="0"/>
      <line num="3" count="1" type="stmt"/>
      <line num="4" count="1" type="stmt"/>
      <line num="5" count="1" type="cond" truecount="1" falsecount="0"/>
      <line num="6" count="2" type="stmt"/>
      <line num="7" count="2" type="stmt"/>
      <line num="8" count="2" type="stmt"/>
      <line num="9" count="2" type="stmt"/>
      <line num="10" count="1" type="stmt"/>
      <line num="11" count="1" type="cond" truecount="1" falsecount="0"/>
      <line num="12" count="5" type="stmt"/>
      <line num="13" count="5" type="stmt"/>
      <line num="14" count="1" type="stmt"/>
      <line num="15" count="1" type="cond" truecount="1" falsecount="0"/>
      <line num="16" count="2" type="stmt"/>
      <line num="17" count="2" type="cond" truecount="1" falsecount="0"/>
      <line num="18" count="202" type="stmt"/>
      <line num="19" count="202" type="stmt"/>
      <line num="20" count="202" type="cond" truecount="1" falsecount="0"/>
      <line num="21" count="202" type="cond" truecount="2" falsecount="0"/>
      <line num="22" count="200" type="stmt"/>
      <line num="23" count="200" type="cond" truecount="2" falsecount="0"/>
      <line num="24" count="188" type="stmt"/>
      <line num="25" count="188" type="cond" truecount="2" falsecount="0"/>
      <line num="26" count="134" type="stmt"/>
      <line num="27" count="134" type="cond" truecount="2" falsecount="0"/>
      <line num="28" count="106" type="stmt"/>
      <line num="29" count="106" type="stmt"/>
      <line num="30" count="106" type="stmt"/>
      <line num="31" count="106" type="stmt"/>
      <line num="32" count="202" type="stmt"/>
      <line num="33" count="2" type="stmt"/>
      <line num="34" count="1" type="stmt"/>
      <line num="35" count="1" type="cond" truecount="1" falsecount="0"/>
      <line num="36" count="3" type="stmt"/>
      <line num="37" count="3" type="stmt"/>
      <line num="38" count="3" type="cond" truecount="1" falsecount="0"/>
      <line num="39" count="300" type="stmt"/>
      <line num="40" count="300" type="stmt"/>
      <line num="41" count="300" type="stmt"/>
      <line num="42" count="3" type="stmt"/>
      <line num="43" count="3" type="stmt"/>
      <line num="44" count="1" type="cond" truecount="1" falsecount="0"/>
      <line num="45" count="3" type="stmt"/>
      <line num="46" count="3" type="stmt"/>
      <line num="47" count="3" type="stmt"/>
      <line num="48" count="3" type="stmt"/>
      <line num="49" count="1" type="stmt"/>
      <line num="50" count="1" type="stmt"/>
    </file>
  </project>
</coverage>
