{"C:\\Users\\Patrick\\DEV\\2_JavaScript\\2_dev_perso\\38-kata-TDD\\40-fizbuzz-to-save-github\\kata\\Fizzbuz.js": {"path":"C:\\Users\\Patrick\\DEV\\2_JavaScript\\2_dev_perso\\38-kata-TDD\\40-fizbuzz-to-save-github\\kata\\Fizzbuz.js","all":false,"statementMap":{"0":{"start":{"line":1,"column":0},"end":{"line":1,"column":15}},"1":{"start":{"line":2,"column":0},"end":{"line":2,"column":21}},"2":{"start":{"line":3,"column":0},"end":{"line":3,"column":22}},"3":{"start":{"line":4,"column":0},"end":{"line":4,"column":4}},"4":{"start":{"line":5,"column":0},"end":{"line":5,"column":12}},"5":{"start":{"line":6,"column":0},"end":{"line":6,"column":32}},"6":{"start":{"line":7,"column":0},"end":{"line":7,"column":33}},"7":{"start":{"line":8,"column":0},"end":{"line":8,"column":34}},"8":{"start":{"line":9,"column":0},"end":{"line":9,"column":5}},"9":{"start":{"line":10,"column":0},"end":{"line":10,"column":0}},"10":{"start":{"line":11,"column":0},"end":{"line":11,"column":25}},"11":{"start":{"line":12,"column":0},"end":{"line":12,"column":32}},"12":{"start":{"line":13,"column":0},"end":{"line":13,"column":5}},"13":{"start":{"line":14,"column":0},"end":{"line":14,"column":0}},"14":{"start":{"line":15,"column":0},"end":{"line":15,"column":23}},"15":{"start":{"line":16,"column":0},"end":{"line":16,"column":30}},"16":{"start":{"line":17,"column":0},"end":{"line":17,"column":35}},"17":{"start":{"line":18,"column":0},"end":{"line":18,"column":42}},"18":{"start":{"line":19,"column":0},"end":{"line":19,"column":42}},"19":{"start":{"line":20,"column":0},"end":{"line":20,"column":63}},"20":{"start":{"line":21,"column":0},"end":{"line":21,"column":23}},"21":{"start":{"line":22,"column":0},"end":{"line":22,"column":42}},"22":{"start":{"line":23,"column":0},"end":{"line":23,"column":40}},"23":{"start":{"line":24,"column":0},"end":{"line":24,"column":51}},"24":{"start":{"line":25,"column":0},"end":{"line":25,"column":36}},"25":{"start":{"line":26,"column":0},"end":{"line":26,"column":47}},"26":{"start":{"line":27,"column":0},"end":{"line":27,"column":36}},"27":{"start":{"line":28,"column":0},"end":{"line":28,"column":47}},"28":{"start":{"line":29,"column":0},"end":{"line":29,"column":23}},"29":{"start":{"line":30,"column":0},"end":{"line":30,"column":42}},"30":{"start":{"line":31,"column":0},"end":{"line":31,"column":13}},"31":{"start":{"line":32,"column":0},"end":{"line":32,"column":9}},"32":{"start":{"line":33,"column":0},"end":{"line":33,"column":5}},"33":{"start":{"line":34,"column":0},"end":{"line":34,"column":0}},"34":{"start":{"line":35,"column":0},"end":{"line":35,"column":24}},"35":{"start":{"line":36,"column":0},"end":{"line":36,"column":31}},"36":{"start":{"line":37,"column":0},"end":{"line":37,"column":74}},"37":{"start":{"line":38,"column":0},"end":{"line":38,"column":49}},"38":{"start":{"line":39,"column":0},"end":{"line":39,"column":39}},"39":{"start":{"line":40,"column":0},"end":{"line":40,"column":39}},"40":{"start":{"line":41,"column":0},"end":{"line":41,"column":11}},"41":{"start":{"line":42,"column":0},"end":{"line":42,"column":34}},"42":{"start":{"line":43,"column":0},"end":{"line":43,"column":5}},"43":{"start":{"line":44,"column":0},"end":{"line":44,"column":22}},"44":{"start":{"line":45,"column":0},"end":{"line":45,"column":40}},"45":{"start":{"line":46,"column":0},"end":{"line":46,"column":28}},"46":{"start":{"line":47,"column":0},"end":{"line":47,"column":27}},"47":{"start":{"line":48,"column":0},"end":{"line":48,"column":5}},"48":{"start":{"line":49,"column":0},"end":{"line":49,"column":1}},"49":{"start":{"line":50,"column":0},"end":{"line":50,"column":25}}},"s":{"0":1,"1":1,"2":1,"3":1,"4":1,"5":2,"6":2,"7":2,"8":2,"9":1,"10":1,"11":5,"12":5,"13":1,"14":1,"15":2,"16":2,"17":202,"18":202,"19":202,"20":202,"21":200,"22":200,"23":188,"24":188,"25":134,"26":134,"27":106,"28":106,"29":106,"30":106,"31":202,"32":2,"33":1,"34":1,"35":3,"36":3,"37":3,"38":300,"39":300,"40":300,"41":3,"42":3,"43":1,"44":3,"45":3,"46":3,"47":3,"48":1,"49":1},"branchMap":{"0":{"type":"branch","line":2,"loc":{"start":{"line":2,"column":4},"end":{"line":3,"column":22}},"locations":[{"start":{"line":2,"column":4},"end":{"line":3,"column":22}}]},"1":{"type":"branch","line":5,"loc":{"start":{"line":5,"column":4},"end":{"line":9,"column":5}},"locations":[{"start":{"line":5,"column":4},"end":{"line":9,"column":5}}]},"2":{"type":"branch","line":11,"loc":{"start":{"line":11,"column":22},"end":{"line":13,"column":5}},"locations":[{"start":{"line":11,"column":22},"end":{"line":13,"column":5}}]},"3":{"type":"branch","line":15,"loc":{"start":{"line":15,"column":4},"end":{"line":33,"column":5}},"locations":[{"start":{"line":15,"column":4},"end":{"line":33,"column":5}}]},"4":{"type":"branch","line":17,"loc":{"start":{"line":17,"column":34},"end":{"line":32,"column":9}},"locations":[{"start":{"line":17,"column":34},"end":{"line":32,"column":9}}]},"5":{"type":"branch","line":20,"loc":{"start":{"line":20,"column":47},"end":{"line":20,"column":63}},"locations":[{"start":{"line":20,"column":47},"end":{"line":20,"column":63}}]},"6":{"type":"branch","line":21,"loc":{"start":{"line":21,"column":22},"end":{"line":23,"column":19}},"locations":[{"start":{"line":21,"column":22},"end":{"line":23,"column":19}}]},"7":{"type":"branch","line":21,"loc":{"start":{"line":21,"column":12},"end":{"line":31,"column":13}},"locations":[{"start":{"line":21,"column":12},"end":{"line":31,"column":13}}]},"8":{"type":"branch","line":23,"loc":{"start":{"line":23,"column":39},"end":{"line":25,"column":19}},"locations":[{"start":{"line":23,"column":39},"end":{"line":25,"column":19}}]},"9":{"type":"branch","line":23,"loc":{"start":{"line":23,"column":19},"end":{"line":31,"column":13}},"locations":[{"start":{"line":23,"column":19},"end":{"line":31,"column":13}}]},"10":{"type":"branch","line":25,"loc":{"start":{"line":25,"column":35},"end":{"line":27,"column":19}},"locations":[{"start":{"line":25,"column":35},"end":{"line":27,"column":19}}]},"11":{"type":"branch","line":25,"loc":{"start":{"line":25,"column":19},"end":{"line":31,"column":13}},"locations":[{"start":{"line":25,"column":19},"end":{"line":31,"column":13}}]},"12":{"type":"branch","line":27,"loc":{"start":{"line":27,"column":35},"end":{"line":29,"column":19}},"locations":[{"start":{"line":27,"column":35},"end":{"line":29,"column":19}}]},"13":{"type":"branch","line":27,"loc":{"start":{"line":27,"column":19},"end":{"line":31,"column":13}},"locations":[{"start":{"line":27,"column":19},"end":{"line":31,"column":13}}]},"14":{"type":"branch","line":35,"loc":{"start":{"line":35,"column":4},"end":{"line":43,"column":5}},"locations":[{"start":{"line":35,"column":4},"end":{"line":43,"column":5}}]},"15":{"type":"branch","line":38,"loc":{"start":{"line":38,"column":40},"end":{"line":41,"column":11}},"locations":[{"start":{"line":38,"column":40},"end":{"line":41,"column":11}}]},"16":{"type":"branch","line":44,"loc":{"start":{"line":44,"column":4},"end":{"line":48,"column":5}},"locations":[{"start":{"line":44,"column":4},"end":{"line":48,"column":5}}]}},"b":{"0":[1],"1":[2],"2":[5],"3":[2],"4":[202],"5":[68],"6":[2],"7":[200],"8":[12],"9":[188],"10":[54],"11":[134],"12":[28],"13":[106],"14":[3],"15":[300],"16":[3]},"fnMap":{"0":{"name":"<instance_members_initializer>","decl":{"start":{"line":2,"column":4},"end":{"line":3,"column":22}},"loc":{"start":{"line":2,"column":4},"end":{"line":3,"column":22}},"line":2},"1":{"name":"print","decl":{"start":{"line":5,"column":4},"end":{"line":9,"column":5}},"loc":{"start":{"line":5,"column":4},"end":{"line":9,"column":5}},"line":5},"2":{"name":"get getArrayResult","decl":{"start":{"line":11,"column":22},"end":{"line":13,"column":5}},"loc":{"start":{"line":11,"column":22},"end":{"line":13,"column":5}},"line":11},"3":{"name":"buildArrayResult","decl":{"start":{"line":15,"column":4},"end":{"line":33,"column":5}},"loc":{"start":{"line":15,"column":4},"end":{"line":33,"column":5}},"line":15},"4":{"name":"buildStringResult","decl":{"start":{"line":35,"column":4},"end":{"line":43,"column":5}},"loc":{"start":{"line":35,"column":4},"end":{"line":43,"column":5}},"line":35},"5":{"name":"shiftArray","decl":{"start":{"line":44,"column":4},"end":{"line":48,"column":5}},"loc":{"start":{"line":44,"column":4},"end":{"line":48,"column":5}},"line":44}},"f":{"0":1,"1":2,"2":5,"3":2,"4":3,"5":3}}
}
