TN:
SF:kata\Fizzbuz.js
FN:2,<instance_members_initializer>
FN:5,print
FN:11,get getArrayResult
FN:15,buildArrayResult
FN:35,buildStringResult
FN:44,shiftArray
FNF:6
FNH:6
FNDA:1,<instance_members_initializer>
FNDA:2,print
FNDA:5,get getArrayResult
FNDA:2,buildArrayResult
FNDA:3,buildStringResult
FNDA:3,shiftArray
DA:1,1
DA:2,1
DA:3,1
DA:4,1
DA:5,1
DA:6,2
DA:7,2
DA:8,2
DA:9,2
DA:10,1
DA:11,1
DA:12,5
DA:13,5
DA:14,1
DA:15,1
DA:16,2
DA:17,2
DA:18,202
DA:19,202
DA:20,202
DA:21,202
DA:22,200
DA:23,200
DA:24,188
DA:25,188
DA:26,134
DA:27,134
DA:28,106
DA:29,106
DA:30,106
DA:31,106
DA:32,202
DA:33,2
DA:34,1
DA:35,1
DA:36,3
DA:37,3
DA:38,3
DA:39,300
DA:40,300
DA:41,300
DA:42,3
DA:43,3
DA:44,1
DA:45,3
DA:46,3
DA:47,3
DA:48,3
DA:49,1
DA:50,1
LF:50
LH:50
BRDA:2,0,0,1
BRDA:5,1,0,2
BRDA:11,2,0,5
BRDA:15,3,0,2
BRDA:17,4,0,202
BRDA:20,5,0,68
BRDA:21,6,0,2
BRDA:21,7,0,200
BRDA:23,8,0,12
BRDA:23,9,0,188
BRDA:25,10,0,54
BRDA:25,11,0,134
BRDA:27,12,0,28
BRDA:27,13,0,106
BRDA:35,14,0,3
BRDA:38,15,0,300
BRDA:44,16,0,3
BRF:17
BRH:17
end_of_record
